07:06:33.652 [main] DEBUG org.testng.TestNG - suiteXmlPath: "C:\workspaces\15-Sept-2023batch\opencart\mastersuite.xml"
07:06:34.178 [main] INFO  org.testng.internal.Utils - [TestNG] Running:
  C:\workspaces\15-Sept-2023batch\opencart\mastersuite.xml

07:06:38.223 [main] INFO  testCases.TC_004_SearchProductTest -  Starting TC_004_SearchProductTest 
07:06:39.958 [main] INFO  testCases.TC_004_SearchProductTest -  Finished TC_004_SearchProductTest 
07:07:25.256 [main] DEBUG org.testng.TestNG - suiteXmlPath: "C:\workspaces\15-Sept-2023batch\opencart\mastersuite.xml"
07:07:40.420 [main] DEBUG org.testng.TestNG - suiteXmlPath: "C:\workspaces\15-Sept-2023batch\opencart\mastersuite.xml"
07:07:40.976 [main] INFO  org.testng.internal.Utils - [TestNG] Running:
  C:\workspaces\15-Sept-2023batch\opencart\mastersuite.xml

07:07:44.944 [main] DEBUG testCases.TC_001_AccountRegistrationTest - application logs started......
07:07:44.949 [main] INFO  testCases.TC_001_AccountRegistrationTest - **** starting TC_001_AccountRegistrationTest  *****
07:07:45.199 [main] INFO  testCases.TC_001_AccountRegistrationTest - Clicked on MyAccount link
07:07:45.921 [main] INFO  testCases.TC_001_AccountRegistrationTest - Clicked on registration link
07:07:45.922 [main] INFO  testCases.TC_001_AccountRegistrationTest - Entering customer details.. 
07:07:49.762 [main] INFO  testCases.TC_001_AccountRegistrationTest - clicked on continue..
07:07:49.813 [main] INFO  testCases.TC_001_AccountRegistrationTest - Validating expected message..
07:07:49.813 [main] DEBUG testCases.TC_001_AccountRegistrationTest - application logs end.......
07:07:49.813 [main] INFO  testCases.TC_001_AccountRegistrationTest - **** finished TC_001_AccountRegistrationTest  *****
07:07:52.496 [main] INFO  testCases.TC_002_LoginTest - **** Starting TC_002_LoginTest  ****
07:07:52.499 [main] DEBUG testCases.TC_002_LoginTest - capturing application debug logs....
07:07:52.657 [main] INFO  testCases.TC_002_LoginTest - clicked on myaccount link on the home page..
07:07:53.188 [main] INFO  testCases.TC_002_LoginTest - clicked on login link under myaccount..
07:07:53.195 [main] INFO  testCases.TC_002_LoginTest - Entering valid email and password..
07:07:54.131 [main] INFO  testCases.TC_002_LoginTest - clicked on ligin button..
07:07:54.232 [main] INFO  testCases.TC_002_LoginTest - **** Finished TC_002_LoginTest  ****
20:54:15.908 [main] DEBUG org.testng.TestNG - suiteXmlPath: "/Users/aayam/opencart-master/mastersuite.xml"
20:54:15.989 [main] INFO  org.testng.internal.Utils - [TestNG] Running:
  /Users/aayam/opencart-master/mastersuite.xml

20:55:25.848 [main] DEBUG org.testng.TestNG - suiteXmlPath: "/Users/aayam/opencart-master/mastersuite.xml"
20:55:25.925 [main] INFO  org.testng.internal.Utils - [TestNG] Running:
  /Users/aayam/opencart-master/mastersuite.xml

20:55:30.058 [main] DEBUG testCases.TC_001_AccountRegistrationTest - application logs started......
20:55:30.058 [main] INFO  testCases.TC_001_AccountRegistrationTest - **** starting TC_001_AccountRegistrationTest  *****
20:55:30.093 [main] INFO  testCases.TC_001_AccountRegistrationTest - Clicked on MyAccount link
20:55:30.750 [main] INFO  testCases.TC_001_AccountRegistrationTest - Clicked on registration link
20:55:30.750 [main] INFO  testCases.TC_001_AccountRegistrationTest - Entering customer details.. 
20:55:31.763 [main] INFO  testCases.TC_001_AccountRegistrationTest - clicked on continue..
20:55:31.782 [main] INFO  testCases.TC_001_AccountRegistrationTest - Validating expected message..
20:55:31.784 [main] DEBUG testCases.TC_001_AccountRegistrationTest - application logs end.......
20:55:31.784 [main] INFO  testCases.TC_001_AccountRegistrationTest - **** finished TC_001_AccountRegistrationTest  *****
20:55:35.806 [main] INFO  testCases.TC_002_LoginTest - **** Starting TC_002_LoginTest  ****
20:55:35.807 [main] DEBUG testCases.TC_002_LoginTest - capturing application debug logs....
20:55:35.834 [main] INFO  testCases.TC_002_LoginTest - clicked on myaccount link on the home page..
20:55:36.224 [main] INFO  testCases.TC_002_LoginTest - clicked on login link under myaccount..
20:55:36.225 [main] INFO  testCases.TC_002_LoginTest - Entering valid email and password..
20:55:37.053 [main] INFO  testCases.TC_002_LoginTest - clicked on ligin button..
20:55:37.073 [main] INFO  testCases.TC_002_LoginTest - **** Finished TC_002_LoginTest  ****
20:55:40.811 [main] INFO  testCases.TC_004_SearchProductTest -  Starting TC_004_SearchProductTest 
20:55:41.510 [main] INFO  testCases.TC_004_SearchProductTest -  Finished TC_004_SearchProductTest 
20:55:45.273 [main] INFO  testCases.TC_005_AddToCartPageTest -  Starting TC_005_AddToCartPageTest 
20:55:47.239 [main] INFO  testCases.TC_005_AddToCartPageTest -  Finished TC_004_SearchProductTest 
21:17:41.836 [main] DEBUG org.testng.TestNG - suiteXmlPath: "/Users/aayam/opencart-master/mastersuite.xml"
21:18:54.122 [main] DEBUG org.testng.TestNG - suiteXmlPath: "/Users/aayam/opencart-master/mastersuite.xml"
